
synthesis -f "LEDsTest_impl1_lattice.synproj"
synthesis:  version Diamond (64-bit) 3.12.0.240.2

Copyright (c) 1991-1994 by NeoCAD Inc. All rights reserved.
Copyright (c) 1995 AT&T Corp.   All rights reserved.
Copyright (c) 1995-2001 Lucent Technologies Inc.  All rights reserved.
Copyright (c) 2001 Agere Systems   All rights reserved.
Copyright (c) 2002-2020 Lattice Semiconductor Corporation,  All rights reserved.
Wed Dec 15 14:40:06 2021


Command Line:  synthesis -f LEDsTest_impl1_lattice.synproj -gui -msgset C:/Users/Roman Perez/Desktop/Lattice_projects/Test/promote.xml 

    <postMsg mid="35002000" type="Info"    dynamic="0" navigation="0"  />
Synthesis options:
The -a option is MachXO3LF.
The -s option is 5.
The -t option is CABGA256.
The -d option is LCMXO3LF-6900C.
Using package CABGA256.
Using performance grade 5.
                                                          

##########################################################

### Lattice Family : MachXO3LF

### Device  : LCMXO3LF-6900C

### Package : CABGA256

### Speed   : 5

##########################################################

                                                          

    <postMsg mid="35001781" type="Info"    dynamic="0" navigation="0"  />
Optimization goal = Balanced
Top-level module name = top.
Target frequency = 200.000000 MHz.
Maximum fanout = 1000.
Timing path count = 3
BRAM utilization = 100.000000 %
DSP usage = true
DSP utilization = 100.000000 %
fsm_encoding_style = auto
resolve_mixed_drivers = 0
fix_gated_clocks = 1

Mux style = Auto
Use Carry Chain = true
carry_chain_length = 0
Loop Limit = 1950.
Use IO Insertion = TRUE
Use IO Reg = AUTO

Resource Sharing = TRUE
Propagate Constants = TRUE
Remove Duplicate Registers = TRUE
force_gsr = auto
ROM style = auto
RAM style = auto
The -comp option is FALSE.
The -syn option is FALSE.
-p C:/Users/Roman Perez/Desktop/Lattice_projects/Test (searchpath added)
-p C:/lscc/diamond/3.12/ispfpga/xo3c00f/data (searchpath added)
-p C:/Users/Roman Perez/Desktop/Lattice_projects/Test/impl1 (searchpath added)
-p C:/Users/Roman Perez/Desktop/Lattice_projects/Test (searchpath added)
Verilog design file = C:/Users/Roman Perez/Desktop/Lattice_projects/Test/top.v
NGD file = LEDsTest_impl1.ngd
-sdc option: SDC file input not used.
-lpf option: Output file option is ON.
Hardtimer checking is enabled (default). The -dt option is not used.
The -r option is OFF. [ Remove LOC Properties is OFF. ]
Technology check ok...

Analyzing Verilog file C:/lscc/diamond/3.12/ispfpga/userware/NT/SYNTHESIS_HEADERS/machxo3l.v. VERI-1482
Compile design.
Compile Design Begin
Analyzing Verilog file c:/users/roman perez/desktop/lattice_projects/test/top.v. VERI-1482
Analyzing Verilog file C:/lscc/diamond/3.12/ispfpga/userware/NT/SYNTHESIS_HEADERS/machxo3l.v. VERI-1482
Top module name (Verilog): top
    <postMsg mid="35901018" type="Info"    dynamic="2" navigation="2" arg0="c:/users/roman perez/desktop/lattice_projects/test/top.v(1): " arg1="top" arg2="c:/users/roman perez/desktop/lattice_projects/test/top.v" arg3="1"  />
    <postMsg mid="35901018" type="Info"    dynamic="2" navigation="2" arg0="C:/lscc/diamond/3.12/ispfpga/userware/NT/SYNTHESIS_HEADERS/machxo3l.v(1759): " arg1="OSCH(NOM_FREQ=&quot;133.00&quot;)" arg2="C:/lscc/diamond/3.12/ispfpga/userware/NT/SYNTHESIS_HEADERS/machxo3l.v" arg3="1759"  />
    <postMsg mid="35901018" type="Info"    dynamic="2" navigation="2" arg0="c:/users/roman perez/desktop/lattice_projects/test/top.v(13): " arg1="slow_counter" arg2="c:/users/roman perez/desktop/lattice_projects/test/top.v" arg3="13"  />
Last elaborated design is top()
Loading NGL library 'C:/lscc/diamond/3.12/ispfpga/xo2c00a/data/xo2alib.ngl'...
Loading NGL library 'C:/lscc/diamond/3.12/ispfpga/xo2c00/data/xo2clib.ngl'...
Loading NGL library 'C:/lscc/diamond/3.12/ispfpga/mg5g00/data/mg5glib.ngl'...
Loading NGL library 'C:/lscc/diamond/3.12/ispfpga/or5g00/data/orc5glib.ngl'...
Loading device for application map from file 'xo3c6900.nph' in environment: C:/lscc/diamond/3.12/ispfpga.
Package Status:                     Final          Version 1.16.
Top-level module name = top.



GSR will not be inferred because no asynchronous signal was found in the netlist.
Applying 200.000000 MHz constraint to all clocks

    <postMsg mid="35001611" type="Warning" dynamic="0" navigation="0"  />
Results of NGD DRC are available in top_drc.log.
Loading NGL library 'C:/lscc/diamond/3.12/ispfpga/xo2c00a/data/xo2alib.ngl'...
Loading NGL library 'C:/lscc/diamond/3.12/ispfpga/xo2c00/data/xo2clib.ngl'...
Loading NGL library 'C:/lscc/diamond/3.12/ispfpga/mg5g00/data/mg5glib.ngl'...
Loading NGL library 'C:/lscc/diamond/3.12/ispfpga/or5g00/data/orc5glib.ngl'...


Running DRC...

DRC complete with no errors or warnings

Design Results:
     79 blocks expanded
completed the first expansion
All blocks are expanded and NGD expansion is successful.
Writing NGD file LEDsTest_impl1.ngd.

################### Begin Area Report (top)######################
Number of register bits => 40 of 7485 (0 % )
CCU2D => 17
FD1P3AX => 32
FD1P3AY => 8
GSR => 1
IB => 1
LUT4 => 8
OB => 8
OSCH => 1
################### End Area Report ##################

################### Begin BlackBox Report ######################
TSALL => 1
################### End BlackBox Report ##################

################### Begin Clock Report ######################
Clock Nets
Number of Clocks: 1
  Net : fpga_clock, loads : 40
Clock Enable Nets
Number of Clock Enables: 1
Top 1 highest fanout Clock Enables:
  Net : pushbutton_c, loads : 1
Highest fanout non-clock nets
Top 10 highest fanout non-clock nets:
  Net : pushbutton_c, loads : 40
  Net : counter/counter_28, loads : 2
  Net : counter/counter_27, loads : 2
  Net : counter/counter_26, loads : 2
  Net : counter/counter_25, loads : 2
  Net : counter/counter_24, loads : 2
  Net : counter/counter_31, loads : 2
  Net : counter/counter_30, loads : 2
  Net : counter/counter_29, loads : 2
  Net : counter/output_byte_7_N_73_4, loads : 1
################### End Clock Report ##################

Timing Report Summary
--------------
--------------------------------------------------------------------------------
Constraint                              |   Constraint|       Actual|Levels
--------------------------------------------------------------------------------
                                        |             |             |
create_clock -period 5.000000 -name     |             |             |
clk0 [get_nets fpga_clock]              |  200.000 MHz|  169.895 MHz|    18 *
                                        |             |             |
--------------------------------------------------------------------------------


1 constraints not met.


Peak Memory Usage: 57.363  MB

--------------------------------------------------------------
Elapsed CPU time for LSE flow : 0.563  secs
--------------------------------------------------------------
